<?xml version="1.0" encoding="UTF-8"?>
<!-- Generated by org.testng.reporters.JUnitReportReporter -->
<testsuite hostname="EC2AMAZ-S11DBRH" failures="0" tests="1" name="runner.UserAuthTest" time="0.202" errors="1" timestamp="2024-02-09T07:00:33 GMT" skipped="0">
  <testcase classname="runner.UserAuthTest" name="runScenario" time="0.202">
    <error message="TODO: implement me" type="io.cucumber.java.PendingException">
      <![CDATA[io.cucumber.java.PendingException: TODO: implement me
at stepDefinations.LoginStepDefination.i_am_on_the_login_page(LoginStepDefination.java:11)
at âœ½.I am on the login page(file:///C:/Users/Administrator/Documents/GitHub/Cucumber/src/test/resources/features/UserAuthentication.feature:7)
]]>
    </error>
  </testcase> <!-- runScenario -->
</testsuite> <!-- runner.UserAuthTest -->
